{"name": "–ü–æ–ø—ã—Ç–∫–∞ —Å–æ–∑–¥–∞—Ç—å –∏–∑–±—Ä–∞–Ω–Ω–æ–µ –º–µ—Å—Ç–æ —Å –Ω–µ–¥–æ–ø—É—Å—Ç–∏–º—ã–º–∏ —Å–∏–º–≤–æ–ª–∞–º–∏ –≤ –Ω–∞–∑–≤–∞–Ω–∏–∏", "status": "failed", "statusDetails": {"message": "AssertionError: Incorrect response status code. Expected status code: 400. Actual status code: 200", "trace": "self = <tests.favorites.test_title.TestTitle object at 0x000001C6B003D040>, favorites_client = <clients.favorites.favorites_client.FavoritesClient object at 0x000001C6B025C5F0>\ntitle = '@#$%^&*', make_request = <function make_request.<locals>._make_request at 0x000001C6B0256020>\n\n    @pytest.mark.negative\n    @pytest.mark.parametrize(\"title\", [\"üëå\", \"@#$%^&*\", \" \", \"\"])\n    @allure.story(\"–ó–∞–ø—Ä–µ—â–µ–Ω–Ω—ã–µ —Å–∏–º–≤–æ–ª—ã\")\n    @allure.severity(allure.severity_level.CRITICAL)\n    @allure.title(\"–ü–æ–ø—ã—Ç–∫–∞ —Å–æ–∑–¥–∞—Ç—å –∏–∑–±—Ä–∞–Ω–Ω–æ–µ –º–µ—Å—Ç–æ —Å –Ω–µ–¥–æ–ø—É—Å—Ç–∏–º—ã–º–∏ —Å–∏–º–≤–æ–ª–∞–º–∏ –≤ –Ω–∞–∑–≤–∞–Ω–∏–∏\")\n    def test_title_invalid_symbols(self, favorites_client, title, make_request):\n        request = make_request(title=title)\n        response = favorites_client.create_favorite_api(request)\n>       assert_status_code(response.status_code, HTTPStatus.BAD_REQUEST)\n\ntests\\favorites\\test_title.py:34: \n_ _ _ _ _ _ _ _ _ _ _ _ _ _ _ _ _ _ _ _ _ _ _ _ _ _ _ _ _ _ _ _ _ _ _ _ _ _ _ _ _ _ _ _ _ _ _ _ _ _ _ _ _ _ _ _ _ _ _ _ _ _ _ _ _ _ _ _ _ _ _ _ _ _ _ _ _ _ _ _ _ _ _ _ _ _ _ _ _ _\n\nactual = 200, expected = <HTTPStatus.BAD_REQUEST: 400>\n\n    def assert_status_code(actual: int, expected: int):\n        \"\"\"\n        –ü—Ä–æ–≤–µ—Ä—è–µ—Ç, —á—Ç–æ —Ñ–∞–∫—Ç–∏—á–µ—Å–∫–∏–π —Å—Ç–∞—Ç—É—Å-–∫–æ–¥ –æ—Ç–≤–µ—Ç–∞ —Å–æ–æ—Ç–≤–µ—Ç—Å—Ç–≤—É–µ—Ç –æ–∂–∏–¥–∞–µ–º–æ–º—É.\n    \n        :param actual: –§–∞–∫—Ç–∏—á–µ—Å–∫–∏–π —Å—Ç–∞—Ç—É—Å-–∫–æ–¥ –æ—Ç–≤–µ—Ç–∞.\n        :param expected: –û–∂–∏–¥–∞–µ–º—ã–π —Å—Ç–∞—Ç—É—Å-–∫–æ–¥.\n        :raises AssertionError: –ï—Å–ª–∏ —Å—Ç–∞—Ç—É—Å-–∫–æ–¥—ã –Ω–µ —Å–æ–≤–ø–∞–¥–∞—é—Ç.\n        \"\"\"\n>       assert actual == expected, (\n               ^^^^^^^^^^^^^^^^^^\n            f'Incorrect response status code. '\n            f'Expected status code: {expected}. '\n            f'Actual status code: {actual}'\n        )\nE       AssertionError: Incorrect response status code. Expected status code: 400. Actual status code: 200\n\ntools\\assertions\\base.py:11: AssertionError"}, "parameters": [{"name": "title", "value": "'@#$%^&*'"}], "start": 1763976932938, "stop": 1763976933214, "uuid": "484f54b8-2df2-4724-87c4-c95dea7237dc", "historyId": "bf5555ad4cc8a448b834ae9f62eac3de", "testCaseId": "27c64c3b5c6c83ee46c5383140dd328b", "fullName": "tests.favorites.test_title.TestTitle#test_title_invalid_symbols", "labels": [{"name": "story", "value": "–ó–∞–ø—Ä–µ—â–µ–Ω–Ω—ã–µ —Å–∏–º–≤–æ–ª—ã"}, {"name": "feature", "value": "–ü—Ä–æ–≤–µ—Ä–∫–∞ –ø–∞—Ä–∞–º–µ—Ç—Ä–∞ –ù–∞–∑–≤–∞–Ω–∏–µ (title)"}, {"name": "severity", "value": "critical"}, {"name": "epic", "value": "Favorites API"}, {"name": "tag", "value": "negative"}, {"name": "tag", "value": "title"}, {"name": "tag", "value": "regression"}, {"name": "parentSuite", "value": "tests.favorites"}, {"name": "suite", "value": "test_title"}, {"name": "subSuite", "value": "TestTitle"}, {"name": "host", "value": "temaavefantasy"}, {"name": "thread", "value": "35496-MainThread"}, {"name": "framework", "value": "pytest"}, {"name": "language", "value": "cpython3"}, {"name": "package", "value": "tests.favorites.test_title"}], "titlePath": ["tests", "favorites", "test_title.py", "TestTitle"]}